2025-08-26 08:07:14,459 - curator - INFO - Detected Lua at: /usr/bin/lua
2025-08-26 08:07:14,459 - curator - INFO - Loaded manifest: 1 packages
2025-08-26 08:07:28,077 - curator - INFO - Curating environment with profile 'bioxen-minimal': 3 packages
2025-08-26 08:07:28,281 - curator - INFO - Installing lua-cjson vlatest...
2025-08-26 08:07:28,369 - curator - ERROR - Installation failed: 
Error: Your user does not have write permissions in /usr/local/lib/luarocks/rocks-5.1 
-- you may want to run as a privileged user or use your local tree with --local.

2025-08-26 08:07:28,531 - curator - INFO - Installing luafilesystem vlatest...
2025-08-26 08:07:28,617 - curator - ERROR - Installation failed: 
Error: Your user does not have write permissions in /usr/local/lib/luarocks/rocks-5.1 
-- you may want to run as a privileged user or use your local tree with --local.

2025-08-26 08:07:28,772 - curator - INFO - Installing bio-utils vlatest...
2025-08-26 08:07:28,854 - curator - ERROR - Installation failed: 
Error: Your user does not have write permissions in /usr/local/lib/luarocks/rocks-5.1 
-- you may want to run as a privileged user or use your local tree with --local.

2025-08-26 08:07:28,855 - curator - INFO - Environment curation complete: 0/3 packages installed
2025-08-26 14:38:50,621 - curator - INFO - Detected Lua at: /usr/bin/lua
2025-08-26 14:38:50,621 - curator - INFO - Loaded manifest: 1 packages
2025-08-26 14:39:04,575 - curator - INFO - Curating environment with profile 'bioxen-minimal': 3 packages
2025-08-26 14:39:04,716 - curator - INFO - Installing uncatalogued package: lua-cjson
2025-08-26 14:39:04,829 - curator - INFO - Installing lua-cjson vlatest...
2025-08-26 14:39:04,945 - curator - ERROR - Installation failed: 
Error: Your user does not have write permissions in /usr/local/lib/luarocks/rocks-5.1 
-- you may want to run as a privileged user or use your local tree with --local.

2025-08-26 14:39:05,051 - curator - INFO - Installing uncatalogued package: luafilesystem
2025-08-26 14:39:05,160 - curator - INFO - Installing luafilesystem vlatest...
2025-08-26 14:39:05,270 - curator - ERROR - Installation failed: 
Error: Your user does not have write permissions in /usr/local/lib/luarocks/rocks-5.1 
-- you may want to run as a privileged user or use your local tree with --local.

2025-08-26 14:39:05,447 - curator - INFO - Installing bio-utils vlatest...
2025-08-26 14:39:05,547 - curator - ERROR - Installation failed: 
Error: Your user does not have write permissions in /usr/local/lib/luarocks/rocks-5.1 
-- you may want to run as a privileged user or use your local tree with --local.

2025-08-26 14:39:05,548 - curator - INFO - Environment curation complete: 0/3 packages installed
